<?xml version="1.0" encoding="utf-8" ?>
<!DOCTYPE html PUBLIC "-//W3C//DTD XHTML 1.0 Strict//EN"
        "http://www.w3.org/TR/xhtml1/DTD/xhtml1-strict.dtd">
<html xmlns="http://www.w3.org/1999/xhtml" xml:lang="" lang="">
<head>
  <title>Test Results Report - Regression1</title>
  <meta http-equiv="Content-Type" content="text/html;charset=utf-8" />
  <meta name="description" content="TestNG unit test results." />
  <link href="reportng.css" rel="stylesheet" type="text/css" />
    <script type="text/javascript" src="reportng.js"></script>
</head>
<body>
<h1>Regression1</h1>
<p>
  Test duration: 1392.887s
</p>



  <table class="resultsTable">
    <tr><th colspan="3" class="header failed">Failed Tests</th></tr>
          <tr>
        <td colspan="3" class="group">com.fp.core.cheapoair.Add_CoTraveler</td>
      </tr>
            
<tr>
  <td class="method">
                  Co_Traveler_Add
      </td>
  <td class="duration">
    123.913s
  </td>
  <td class="result">
        
    
        

        <a href="javascript:toggleElement('exception-0', 'block')" title="Click to expand/collapse"><b>org.openqa.selenium.NoSuchElementException: An element could not be located on the page using the given search parameters. (WARNING: The server did not provide any stacktrace information)<br/>
Command duration or timeout: 60.20 seconds<br/>
For documentation on this error, please visit: http://seleniumhq.org/exceptions/no_such_element.html<br/>
Build info: version: &apos;2.42.2&apos;, revision: &apos;6a6995d&apos;, time: &apos;2014-06-03 17:42:30&apos;<br/>
System info: host: &apos;INAGFFPTEC230W&apos;, ip: &apos;172.20.17.186&apos;, os.name: &apos;Windows 7&apos;, os.arch: &apos;x86&apos;, os.version: &apos;6.1&apos;, java.version: &apos;1.7.0_25&apos;<br/>
Session ID: 99635ae8-c16d-4b01-a871-8a8bc838dbf6<br/>
Driver info: io.appium.java_client.AppiumDriver<br/>
Capabilities [{platform=LINUX, app=D:\Appium_Automation\application-cheapoair-3.1.10.apk, javascriptEnabled=true, appActivity=com.fp.cheapoair.CheapOair, browserName=, networkConnectionEnabled=true, apppackage=com.fp.cheapoair, desired={platformVersion=5.0.1, app=D:\Appium_Automation\application-cheapoair-3.1.10.apk, deviceName=samsung-sm_n910g-641dd802, platformName=Android, browserName=, appActivity=com.fp.cheapoair.CheapOair, apppackage=com.fp.cheapoair}, locationContextEnabled=false, platformVersion=6.0.1, databaseEnabled=false, platformName=Android, deviceName=641dd802, webStorageEnabled=false, warnings={}, takesScreenshot=true}]</b></a><br />
    <div class="stackTrace" id="exception-0">
              sun.reflect.NativeConstructorAccessorImpl.newInstance0(Native Method)<br />
              sun.reflect.NativeConstructorAccessorImpl.newInstance(Unknown Source)<br />
              sun.reflect.DelegatingConstructorAccessorImpl.newInstance(Unknown Source)<br />
              java.lang.reflect.Constructor.newInstance(Unknown Source)<br />
              org.openqa.selenium.remote.ErrorHandler.createThrowable(ErrorHandler.java:204)<br />
              org.openqa.selenium.remote.ErrorHandler.throwIfResponseFailed(ErrorHandler.java:156)<br />
              org.openqa.selenium.remote.RemoteWebDriver.execute(RemoteWebDriver.java:599)<br />
              io.appium.java_client.AppiumDriver.execute(AppiumDriver.java:88)<br />
              org.openqa.selenium.remote.RemoteWebDriver.findElement(RemoteWebDriver.java:352)<br />
              org.openqa.selenium.remote.RemoteWebDriver.findElementById(RemoteWebDriver.java:393)<br />
              org.openqa.selenium.By$ById.findElement(By.java:214)<br />
              org.openqa.selenium.remote.RemoteWebDriver.findElement(RemoteWebDriver.java:344)<br />
              com.fp.core.cheapoair.Function_File.Sign_In_Page(Function_File.java:919)<br />
              com.fp.core.cheapoair.Add_CoTraveler.Co_Traveler_Add(Add_CoTraveler.java:76)<br />
              sun.reflect.NativeMethodAccessorImpl.invoke0(Native Method)<br />
              sun.reflect.NativeMethodAccessorImpl.invoke(Unknown Source)<br />
              sun.reflect.DelegatingMethodAccessorImpl.invoke(Unknown Source)<br />
              java.lang.reflect.Method.invoke(Unknown Source)<br />
              org.testng.internal.MethodInvocationHelper.invokeMethod(MethodInvocationHelper.java:85)<br />
              org.testng.internal.Invoker.invokeMethod(Invoker.java:639)<br />
              org.testng.internal.Invoker.invokeTestMethod(Invoker.java:816)<br />
              org.testng.internal.Invoker.invokeTestMethods(Invoker.java:1124)<br />
              org.testng.internal.TestMethodWorker.invokeTestMethods(TestMethodWorker.java:125)<br />
              org.testng.internal.TestMethodWorker.run(TestMethodWorker.java:108)<br />
              org.testng.TestRunner.privateRun(TestRunner.java:774)<br />
              org.testng.TestRunner.run(TestRunner.java:624)<br />
              org.testng.SuiteRunner.runTest(SuiteRunner.java:359)<br />
              org.testng.SuiteRunner.runSequentially(SuiteRunner.java:354)<br />
              org.testng.SuiteRunner.privateRun(SuiteRunner.java:312)<br />
              org.testng.SuiteRunner.run(SuiteRunner.java:261)<br />
              org.testng.SuiteRunnerWorker.runSuite(SuiteRunnerWorker.java:52)<br />
              org.testng.SuiteRunnerWorker.run(SuiteRunnerWorker.java:86)<br />
              org.testng.TestNG.runSuitesSequentially(TestNG.java:1191)<br />
              org.testng.TestNG.runSuitesLocally(TestNG.java:1116)<br />
              org.testng.TestNG.run(TestNG.java:1024)<br />
              org.testng.remote.RemoteTestNG.run(RemoteTestNG.java:112)<br />
              org.testng.remote.RemoteTestNG.initAndRun(RemoteTestNG.java:205)<br />
              org.testng.remote.RemoteTestNG.main(RemoteTestNG.java:176)<br />
                </div>
      </td>
</tr>
          <tr>
        <td colspan="3" class="group">com.fp.core.cheapoair.Android_Feedback</td>
      </tr>
            
<tr>
  <td class="method">
                  Android_Feedback_Script
      </td>
  <td class="duration">
    63.580s
  </td>
  <td class="result">
        
    
        

        <a href="javascript:toggleElement('exception-1', 'block')" title="Click to expand/collapse"><b>org.openqa.selenium.NoSuchElementException: An element could not be located on the page using the given search parameters. (WARNING: The server did not provide any stacktrace information)<br/>
Command duration or timeout: 60.19 seconds<br/>
For documentation on this error, please visit: http://seleniumhq.org/exceptions/no_such_element.html<br/>
Build info: version: &apos;2.42.2&apos;, revision: &apos;6a6995d&apos;, time: &apos;2014-06-03 17:42:30&apos;<br/>
System info: host: &apos;INAGFFPTEC230W&apos;, ip: &apos;172.20.17.186&apos;, os.name: &apos;Windows 7&apos;, os.arch: &apos;x86&apos;, os.version: &apos;6.1&apos;, java.version: &apos;1.7.0_25&apos;<br/>
Session ID: 99635ae8-c16d-4b01-a871-8a8bc838dbf6<br/>
Driver info: io.appium.java_client.AppiumDriver<br/>
Capabilities [{platform=LINUX, app=D:\Appium_Automation\application-cheapoair-3.1.10.apk, javascriptEnabled=true, appActivity=com.fp.cheapoair.CheapOair, browserName=, networkConnectionEnabled=true, apppackage=com.fp.cheapoair, desired={platformVersion=5.0.1, app=D:\Appium_Automation\application-cheapoair-3.1.10.apk, deviceName=samsung-sm_n910g-641dd802, platformName=Android, browserName=, appActivity=com.fp.cheapoair.CheapOair, apppackage=com.fp.cheapoair}, locationContextEnabled=false, platformVersion=6.0.1, databaseEnabled=false, platformName=Android, deviceName=641dd802, webStorageEnabled=false, warnings={}, takesScreenshot=true}]</b></a><br />
    <div class="stackTrace" id="exception-1">
              sun.reflect.NativeConstructorAccessorImpl.newInstance0(Native Method)<br />
              sun.reflect.NativeConstructorAccessorImpl.newInstance(Unknown Source)<br />
              sun.reflect.DelegatingConstructorAccessorImpl.newInstance(Unknown Source)<br />
              java.lang.reflect.Constructor.newInstance(Unknown Source)<br />
              org.openqa.selenium.remote.ErrorHandler.createThrowable(ErrorHandler.java:204)<br />
              org.openqa.selenium.remote.ErrorHandler.throwIfResponseFailed(ErrorHandler.java:156)<br />
              org.openqa.selenium.remote.RemoteWebDriver.execute(RemoteWebDriver.java:599)<br />
              io.appium.java_client.AppiumDriver.execute(AppiumDriver.java:88)<br />
              org.openqa.selenium.remote.RemoteWebDriver.findElement(RemoteWebDriver.java:352)<br />
              org.openqa.selenium.remote.RemoteWebDriver.findElementByName(RemoteWebDriver.java:425)<br />
              org.openqa.selenium.By$ByName.findElement(By.java:299)<br />
              org.openqa.selenium.remote.RemoteWebDriver.findElement(RemoteWebDriver.java:344)<br />
              com.fp.core.cheapoair.Function_File.Feedback(Function_File.java:1045)<br />
              com.fp.core.cheapoair.Android_Feedback.Android_Feedback_Script(Android_Feedback.java:74)<br />
              sun.reflect.NativeMethodAccessorImpl.invoke0(Native Method)<br />
              sun.reflect.NativeMethodAccessorImpl.invoke(Unknown Source)<br />
              sun.reflect.DelegatingMethodAccessorImpl.invoke(Unknown Source)<br />
              java.lang.reflect.Method.invoke(Unknown Source)<br />
              org.testng.internal.MethodInvocationHelper.invokeMethod(MethodInvocationHelper.java:85)<br />
              org.testng.internal.Invoker.invokeMethod(Invoker.java:639)<br />
              org.testng.internal.Invoker.invokeTestMethod(Invoker.java:816)<br />
              org.testng.internal.Invoker.invokeTestMethods(Invoker.java:1124)<br />
              org.testng.internal.TestMethodWorker.invokeTestMethods(TestMethodWorker.java:125)<br />
              org.testng.internal.TestMethodWorker.run(TestMethodWorker.java:108)<br />
              org.testng.TestRunner.privateRun(TestRunner.java:774)<br />
              org.testng.TestRunner.run(TestRunner.java:624)<br />
              org.testng.SuiteRunner.runTest(SuiteRunner.java:359)<br />
              org.testng.SuiteRunner.runSequentially(SuiteRunner.java:354)<br />
              org.testng.SuiteRunner.privateRun(SuiteRunner.java:312)<br />
              org.testng.SuiteRunner.run(SuiteRunner.java:261)<br />
              org.testng.SuiteRunnerWorker.runSuite(SuiteRunnerWorker.java:52)<br />
              org.testng.SuiteRunnerWorker.run(SuiteRunnerWorker.java:86)<br />
              org.testng.TestNG.runSuitesSequentially(TestNG.java:1191)<br />
              org.testng.TestNG.runSuitesLocally(TestNG.java:1116)<br />
              org.testng.TestNG.run(TestNG.java:1024)<br />
              org.testng.remote.RemoteTestNG.run(RemoteTestNG.java:112)<br />
              org.testng.remote.RemoteTestNG.initAndRun(RemoteTestNG.java:205)<br />
              org.testng.remote.RemoteTestNG.main(RemoteTestNG.java:176)<br />
                </div>
      </td>
</tr>
          <tr>
        <td colspan="3" class="group">com.fp.core.cheapoair.Car_Booking</td>
      </tr>
            
<tr>
  <td class="method">
                  Car_Script
      </td>
  <td class="duration">
    60.763s
  </td>
  <td class="result">
        
    
        

        <a href="javascript:toggleElement('exception-2', 'block')" title="Click to expand/collapse"><b>org.openqa.selenium.NoSuchElementException: An element could not be located on the page using the given search parameters. (WARNING: The server did not provide any stacktrace information)<br/>
Command duration or timeout: 60.14 seconds<br/>
For documentation on this error, please visit: http://seleniumhq.org/exceptions/no_such_element.html<br/>
Build info: version: &apos;2.42.2&apos;, revision: &apos;6a6995d&apos;, time: &apos;2014-06-03 17:42:30&apos;<br/>
System info: host: &apos;INAGFFPTEC230W&apos;, ip: &apos;172.20.17.186&apos;, os.name: &apos;Windows 7&apos;, os.arch: &apos;x86&apos;, os.version: &apos;6.1&apos;, java.version: &apos;1.7.0_25&apos;<br/>
Session ID: 99635ae8-c16d-4b01-a871-8a8bc838dbf6<br/>
Driver info: io.appium.java_client.AppiumDriver<br/>
Capabilities [{platform=LINUX, app=D:\Appium_Automation\application-cheapoair-3.1.10.apk, javascriptEnabled=true, appActivity=com.fp.cheapoair.CheapOair, browserName=, networkConnectionEnabled=true, apppackage=com.fp.cheapoair, desired={platformVersion=5.0.1, app=D:\Appium_Automation\application-cheapoair-3.1.10.apk, deviceName=samsung-sm_n910g-641dd802, platformName=Android, browserName=, appActivity=com.fp.cheapoair.CheapOair, apppackage=com.fp.cheapoair}, locationContextEnabled=false, platformVersion=6.0.1, databaseEnabled=false, platformName=Android, deviceName=641dd802, webStorageEnabled=false, warnings={}, takesScreenshot=true}]</b></a><br />
    <div class="stackTrace" id="exception-2">
              sun.reflect.NativeConstructorAccessorImpl.newInstance0(Native Method)<br />
              sun.reflect.NativeConstructorAccessorImpl.newInstance(Unknown Source)<br />
              sun.reflect.DelegatingConstructorAccessorImpl.newInstance(Unknown Source)<br />
              java.lang.reflect.Constructor.newInstance(Unknown Source)<br />
              org.openqa.selenium.remote.ErrorHandler.createThrowable(ErrorHandler.java:204)<br />
              org.openqa.selenium.remote.ErrorHandler.throwIfResponseFailed(ErrorHandler.java:156)<br />
              org.openqa.selenium.remote.RemoteWebDriver.execute(RemoteWebDriver.java:599)<br />
              io.appium.java_client.AppiumDriver.execute(AppiumDriver.java:88)<br />
              org.openqa.selenium.remote.RemoteWebDriver.findElement(RemoteWebDriver.java:352)<br />
              org.openqa.selenium.remote.RemoteWebDriver.findElementByName(RemoteWebDriver.java:425)<br />
              org.openqa.selenium.By$ByName.findElement(By.java:299)<br />
              org.openqa.selenium.remote.RemoteWebDriver.findElement(RemoteWebDriver.java:344)<br />
              com.fp.core.cheapoair.Function_File.Car_Search(Function_File.java:1062)<br />
              com.fp.core.cheapoair.Car_Booking.Car_Script(Car_Booking.java:94)<br />
              sun.reflect.NativeMethodAccessorImpl.invoke0(Native Method)<br />
              sun.reflect.NativeMethodAccessorImpl.invoke(Unknown Source)<br />
              sun.reflect.DelegatingMethodAccessorImpl.invoke(Unknown Source)<br />
              java.lang.reflect.Method.invoke(Unknown Source)<br />
              org.testng.internal.MethodInvocationHelper.invokeMethod(MethodInvocationHelper.java:85)<br />
              org.testng.internal.Invoker.invokeMethod(Invoker.java:639)<br />
              org.testng.internal.Invoker.invokeTestMethod(Invoker.java:816)<br />
              org.testng.internal.Invoker.invokeTestMethods(Invoker.java:1124)<br />
              org.testng.internal.TestMethodWorker.invokeTestMethods(TestMethodWorker.java:125)<br />
              org.testng.internal.TestMethodWorker.run(TestMethodWorker.java:108)<br />
              org.testng.TestRunner.privateRun(TestRunner.java:774)<br />
              org.testng.TestRunner.run(TestRunner.java:624)<br />
              org.testng.SuiteRunner.runTest(SuiteRunner.java:359)<br />
              org.testng.SuiteRunner.runSequentially(SuiteRunner.java:354)<br />
              org.testng.SuiteRunner.privateRun(SuiteRunner.java:312)<br />
              org.testng.SuiteRunner.run(SuiteRunner.java:261)<br />
              org.testng.SuiteRunnerWorker.runSuite(SuiteRunnerWorker.java:52)<br />
              org.testng.SuiteRunnerWorker.run(SuiteRunnerWorker.java:86)<br />
              org.testng.TestNG.runSuitesSequentially(TestNG.java:1191)<br />
              org.testng.TestNG.runSuitesLocally(TestNG.java:1116)<br />
              org.testng.TestNG.run(TestNG.java:1024)<br />
              org.testng.remote.RemoteTestNG.run(RemoteTestNG.java:112)<br />
              org.testng.remote.RemoteTestNG.initAndRun(RemoteTestNG.java:205)<br />
              org.testng.remote.RemoteTestNG.main(RemoteTestNG.java:176)<br />
                </div>
      </td>
</tr>
          <tr>
        <td colspan="3" class="group">com.fp.core.cheapoair.Car_Check_My_Booking</td>
      </tr>
            
<tr>
  <td class="method">
                  Car_Check_Booking
      </td>
  <td class="duration">
    60.846s
  </td>
  <td class="result">
        
    
        

        <a href="javascript:toggleElement('exception-3', 'block')" title="Click to expand/collapse"><b>org.openqa.selenium.NoSuchElementException: An element could not be located on the page using the given search parameters. (WARNING: The server did not provide any stacktrace information)<br/>
Command duration or timeout: 60.21 seconds<br/>
For documentation on this error, please visit: http://seleniumhq.org/exceptions/no_such_element.html<br/>
Build info: version: &apos;2.42.2&apos;, revision: &apos;6a6995d&apos;, time: &apos;2014-06-03 17:42:30&apos;<br/>
System info: host: &apos;INAGFFPTEC230W&apos;, ip: &apos;172.20.17.186&apos;, os.name: &apos;Windows 7&apos;, os.arch: &apos;x86&apos;, os.version: &apos;6.1&apos;, java.version: &apos;1.7.0_25&apos;<br/>
Session ID: 99635ae8-c16d-4b01-a871-8a8bc838dbf6<br/>
Driver info: io.appium.java_client.AppiumDriver<br/>
Capabilities [{platform=LINUX, app=D:\Appium_Automation\application-cheapoair-3.1.10.apk, javascriptEnabled=true, appActivity=com.fp.cheapoair.CheapOair, browserName=, networkConnectionEnabled=true, apppackage=com.fp.cheapoair, desired={platformVersion=5.0.1, app=D:\Appium_Automation\application-cheapoair-3.1.10.apk, deviceName=samsung-sm_n910g-641dd802, platformName=Android, browserName=, appActivity=com.fp.cheapoair.CheapOair, apppackage=com.fp.cheapoair}, locationContextEnabled=false, platformVersion=6.0.1, databaseEnabled=false, platformName=Android, deviceName=641dd802, webStorageEnabled=false, warnings={}, takesScreenshot=true}]</b></a><br />
    <div class="stackTrace" id="exception-3">
              sun.reflect.NativeConstructorAccessorImpl.newInstance0(Native Method)<br />
              sun.reflect.NativeConstructorAccessorImpl.newInstance(Unknown Source)<br />
              sun.reflect.DelegatingConstructorAccessorImpl.newInstance(Unknown Source)<br />
              java.lang.reflect.Constructor.newInstance(Unknown Source)<br />
              org.openqa.selenium.remote.ErrorHandler.createThrowable(ErrorHandler.java:204)<br />
              org.openqa.selenium.remote.ErrorHandler.throwIfResponseFailed(ErrorHandler.java:156)<br />
              org.openqa.selenium.remote.RemoteWebDriver.execute(RemoteWebDriver.java:599)<br />
              io.appium.java_client.AppiumDriver.execute(AppiumDriver.java:88)<br />
              org.openqa.selenium.remote.RemoteWebDriver.findElement(RemoteWebDriver.java:352)<br />
              org.openqa.selenium.remote.RemoteWebDriver.findElementByName(RemoteWebDriver.java:425)<br />
              org.openqa.selenium.By$ByName.findElement(By.java:299)<br />
              org.openqa.selenium.remote.RemoteWebDriver.findElement(RemoteWebDriver.java:344)<br />
              com.fp.core.cheapoair.Function_File.Check_My_Booking(Function_File.java:692)<br />
              com.fp.core.cheapoair.Car_Check_My_Booking.Car_Check_Booking(Car_Check_My_Booking.java:78)<br />
              sun.reflect.NativeMethodAccessorImpl.invoke0(Native Method)<br />
              sun.reflect.NativeMethodAccessorImpl.invoke(Unknown Source)<br />
              sun.reflect.DelegatingMethodAccessorImpl.invoke(Unknown Source)<br />
              java.lang.reflect.Method.invoke(Unknown Source)<br />
              org.testng.internal.MethodInvocationHelper.invokeMethod(MethodInvocationHelper.java:85)<br />
              org.testng.internal.Invoker.invokeMethod(Invoker.java:639)<br />
              org.testng.internal.Invoker.invokeTestMethod(Invoker.java:816)<br />
              org.testng.internal.Invoker.invokeTestMethods(Invoker.java:1124)<br />
              org.testng.internal.TestMethodWorker.invokeTestMethods(TestMethodWorker.java:125)<br />
              org.testng.internal.TestMethodWorker.run(TestMethodWorker.java:108)<br />
              org.testng.TestRunner.privateRun(TestRunner.java:774)<br />
              org.testng.TestRunner.run(TestRunner.java:624)<br />
              org.testng.SuiteRunner.runTest(SuiteRunner.java:359)<br />
              org.testng.SuiteRunner.runSequentially(SuiteRunner.java:354)<br />
              org.testng.SuiteRunner.privateRun(SuiteRunner.java:312)<br />
              org.testng.SuiteRunner.run(SuiteRunner.java:261)<br />
              org.testng.SuiteRunnerWorker.runSuite(SuiteRunnerWorker.java:52)<br />
              org.testng.SuiteRunnerWorker.run(SuiteRunnerWorker.java:86)<br />
              org.testng.TestNG.runSuitesSequentially(TestNG.java:1191)<br />
              org.testng.TestNG.runSuitesLocally(TestNG.java:1116)<br />
              org.testng.TestNG.run(TestNG.java:1024)<br />
              org.testng.remote.RemoteTestNG.run(RemoteTestNG.java:112)<br />
              org.testng.remote.RemoteTestNG.initAndRun(RemoteTestNG.java:205)<br />
              org.testng.remote.RemoteTestNG.main(RemoteTestNG.java:176)<br />
                </div>
      </td>
</tr>
          <tr>
        <td colspan="3" class="group">com.fp.core.cheapoair.Check_My_Booking</td>
      </tr>
            
<tr>
  <td class="method">
                  Check_Booking
      </td>
  <td class="duration">
    60.921s
  </td>
  <td class="result">
        
    
        

        <a href="javascript:toggleElement('exception-4', 'block')" title="Click to expand/collapse"><b>org.openqa.selenium.NoSuchElementException: An element could not be located on the page using the given search parameters. (WARNING: The server did not provide any stacktrace information)<br/>
Command duration or timeout: 60.47 seconds<br/>
For documentation on this error, please visit: http://seleniumhq.org/exceptions/no_such_element.html<br/>
Build info: version: &apos;2.42.2&apos;, revision: &apos;6a6995d&apos;, time: &apos;2014-06-03 17:42:30&apos;<br/>
System info: host: &apos;INAGFFPTEC230W&apos;, ip: &apos;172.20.17.186&apos;, os.name: &apos;Windows 7&apos;, os.arch: &apos;x86&apos;, os.version: &apos;6.1&apos;, java.version: &apos;1.7.0_25&apos;<br/>
Session ID: 99635ae8-c16d-4b01-a871-8a8bc838dbf6<br/>
Driver info: io.appium.java_client.AppiumDriver<br/>
Capabilities [{platform=LINUX, app=D:\Appium_Automation\application-cheapoair-3.1.10.apk, javascriptEnabled=true, appActivity=com.fp.cheapoair.CheapOair, browserName=, networkConnectionEnabled=true, apppackage=com.fp.cheapoair, desired={platformVersion=5.0.1, app=D:\Appium_Automation\application-cheapoair-3.1.10.apk, deviceName=samsung-sm_n910g-641dd802, platformName=Android, browserName=, appActivity=com.fp.cheapoair.CheapOair, apppackage=com.fp.cheapoair}, locationContextEnabled=false, platformVersion=6.0.1, databaseEnabled=false, platformName=Android, deviceName=641dd802, webStorageEnabled=false, warnings={}, takesScreenshot=true}]</b></a><br />
    <div class="stackTrace" id="exception-4">
              sun.reflect.NativeConstructorAccessorImpl.newInstance0(Native Method)<br />
              sun.reflect.NativeConstructorAccessorImpl.newInstance(Unknown Source)<br />
              sun.reflect.DelegatingConstructorAccessorImpl.newInstance(Unknown Source)<br />
              java.lang.reflect.Constructor.newInstance(Unknown Source)<br />
              org.openqa.selenium.remote.ErrorHandler.createThrowable(ErrorHandler.java:204)<br />
              org.openqa.selenium.remote.ErrorHandler.throwIfResponseFailed(ErrorHandler.java:156)<br />
              org.openqa.selenium.remote.RemoteWebDriver.execute(RemoteWebDriver.java:599)<br />
              io.appium.java_client.AppiumDriver.execute(AppiumDriver.java:88)<br />
              org.openqa.selenium.remote.RemoteWebDriver.findElement(RemoteWebDriver.java:352)<br />
              org.openqa.selenium.remote.RemoteWebDriver.findElementByName(RemoteWebDriver.java:425)<br />
              org.openqa.selenium.By$ByName.findElement(By.java:299)<br />
              org.openqa.selenium.remote.RemoteWebDriver.findElement(RemoteWebDriver.java:344)<br />
              com.fp.core.cheapoair.Function_File.Check_My_Booking(Function_File.java:692)<br />
              com.fp.core.cheapoair.Check_My_Booking.Check_Booking(Check_My_Booking.java:77)<br />
              sun.reflect.NativeMethodAccessorImpl.invoke0(Native Method)<br />
              sun.reflect.NativeMethodAccessorImpl.invoke(Unknown Source)<br />
              sun.reflect.DelegatingMethodAccessorImpl.invoke(Unknown Source)<br />
              java.lang.reflect.Method.invoke(Unknown Source)<br />
              org.testng.internal.MethodInvocationHelper.invokeMethod(MethodInvocationHelper.java:85)<br />
              org.testng.internal.Invoker.invokeMethod(Invoker.java:639)<br />
              org.testng.internal.Invoker.invokeTestMethod(Invoker.java:816)<br />
              org.testng.internal.Invoker.invokeTestMethods(Invoker.java:1124)<br />
              org.testng.internal.TestMethodWorker.invokeTestMethods(TestMethodWorker.java:125)<br />
              org.testng.internal.TestMethodWorker.run(TestMethodWorker.java:108)<br />
              org.testng.TestRunner.privateRun(TestRunner.java:774)<br />
              org.testng.TestRunner.run(TestRunner.java:624)<br />
              org.testng.SuiteRunner.runTest(SuiteRunner.java:359)<br />
              org.testng.SuiteRunner.runSequentially(SuiteRunner.java:354)<br />
              org.testng.SuiteRunner.privateRun(SuiteRunner.java:312)<br />
              org.testng.SuiteRunner.run(SuiteRunner.java:261)<br />
              org.testng.SuiteRunnerWorker.runSuite(SuiteRunnerWorker.java:52)<br />
              org.testng.SuiteRunnerWorker.run(SuiteRunnerWorker.java:86)<br />
              org.testng.TestNG.runSuitesSequentially(TestNG.java:1191)<br />
              org.testng.TestNG.runSuitesLocally(TestNG.java:1116)<br />
              org.testng.TestNG.run(TestNG.java:1024)<br />
              org.testng.remote.RemoteTestNG.run(RemoteTestNG.java:112)<br />
              org.testng.remote.RemoteTestNG.initAndRun(RemoteTestNG.java:205)<br />
              org.testng.remote.RemoteTestNG.main(RemoteTestNG.java:176)<br />
                </div>
      </td>
</tr>
          <tr>
        <td colspan="3" class="group">com.fp.core.cheapoair.Delete_CoTraveler</td>
      </tr>
            
<tr>
  <td class="method">
                  Del_Cotraveler
      </td>
  <td class="duration">
    127.130s
  </td>
  <td class="result">
        
    
        

        <a href="javascript:toggleElement('exception-5', 'block')" title="Click to expand/collapse"><b>org.openqa.selenium.NoSuchElementException: An element could not be located on the page using the given search parameters. (WARNING: The server did not provide any stacktrace information)<br/>
Command duration or timeout: 60.48 seconds<br/>
For documentation on this error, please visit: http://seleniumhq.org/exceptions/no_such_element.html<br/>
Build info: version: &apos;2.42.2&apos;, revision: &apos;6a6995d&apos;, time: &apos;2014-06-03 17:42:30&apos;<br/>
System info: host: &apos;INAGFFPTEC230W&apos;, ip: &apos;172.20.17.186&apos;, os.name: &apos;Windows 7&apos;, os.arch: &apos;x86&apos;, os.version: &apos;6.1&apos;, java.version: &apos;1.7.0_25&apos;<br/>
Session ID: 99635ae8-c16d-4b01-a871-8a8bc838dbf6<br/>
Driver info: io.appium.java_client.AppiumDriver<br/>
Capabilities [{platform=LINUX, app=D:\Appium_Automation\application-cheapoair-3.1.10.apk, javascriptEnabled=true, appActivity=com.fp.cheapoair.CheapOair, browserName=, networkConnectionEnabled=true, apppackage=com.fp.cheapoair, desired={platformVersion=5.0.1, app=D:\Appium_Automation\application-cheapoair-3.1.10.apk, deviceName=samsung-sm_n910g-641dd802, platformName=Android, browserName=, appActivity=com.fp.cheapoair.CheapOair, apppackage=com.fp.cheapoair}, locationContextEnabled=false, platformVersion=6.0.1, databaseEnabled=false, platformName=Android, deviceName=641dd802, webStorageEnabled=false, warnings={}, takesScreenshot=true}]</b></a><br />
    <div class="stackTrace" id="exception-5">
              sun.reflect.NativeConstructorAccessorImpl.newInstance0(Native Method)<br />
              sun.reflect.NativeConstructorAccessorImpl.newInstance(Unknown Source)<br />
              sun.reflect.DelegatingConstructorAccessorImpl.newInstance(Unknown Source)<br />
              java.lang.reflect.Constructor.newInstance(Unknown Source)<br />
              org.openqa.selenium.remote.ErrorHandler.createThrowable(ErrorHandler.java:204)<br />
              org.openqa.selenium.remote.ErrorHandler.throwIfResponseFailed(ErrorHandler.java:156)<br />
              org.openqa.selenium.remote.RemoteWebDriver.execute(RemoteWebDriver.java:599)<br />
              io.appium.java_client.AppiumDriver.execute(AppiumDriver.java:88)<br />
              org.openqa.selenium.remote.RemoteWebDriver.findElement(RemoteWebDriver.java:352)<br />
              org.openqa.selenium.remote.RemoteWebDriver.findElementById(RemoteWebDriver.java:393)<br />
              org.openqa.selenium.By$ById.findElement(By.java:214)<br />
              org.openqa.selenium.remote.RemoteWebDriver.findElement(RemoteWebDriver.java:344)<br />
              com.fp.core.cheapoair.Function_File.Sign_In_Page(Function_File.java:919)<br />
              com.fp.core.cheapoair.Delete_CoTraveler.Del_Cotraveler(Delete_CoTraveler.java:76)<br />
              sun.reflect.NativeMethodAccessorImpl.invoke0(Native Method)<br />
              sun.reflect.NativeMethodAccessorImpl.invoke(Unknown Source)<br />
              sun.reflect.DelegatingMethodAccessorImpl.invoke(Unknown Source)<br />
              java.lang.reflect.Method.invoke(Unknown Source)<br />
              org.testng.internal.MethodInvocationHelper.invokeMethod(MethodInvocationHelper.java:85)<br />
              org.testng.internal.Invoker.invokeMethod(Invoker.java:639)<br />
              org.testng.internal.Invoker.invokeTestMethod(Invoker.java:816)<br />
              org.testng.internal.Invoker.invokeTestMethods(Invoker.java:1124)<br />
              org.testng.internal.TestMethodWorker.invokeTestMethods(TestMethodWorker.java:125)<br />
              org.testng.internal.TestMethodWorker.run(TestMethodWorker.java:108)<br />
              org.testng.TestRunner.privateRun(TestRunner.java:774)<br />
              org.testng.TestRunner.run(TestRunner.java:624)<br />
              org.testng.SuiteRunner.runTest(SuiteRunner.java:359)<br />
              org.testng.SuiteRunner.runSequentially(SuiteRunner.java:354)<br />
              org.testng.SuiteRunner.privateRun(SuiteRunner.java:312)<br />
              org.testng.SuiteRunner.run(SuiteRunner.java:261)<br />
              org.testng.SuiteRunnerWorker.runSuite(SuiteRunnerWorker.java:52)<br />
              org.testng.SuiteRunnerWorker.run(SuiteRunnerWorker.java:86)<br />
              org.testng.TestNG.runSuitesSequentially(TestNG.java:1191)<br />
              org.testng.TestNG.runSuitesLocally(TestNG.java:1116)<br />
              org.testng.TestNG.run(TestNG.java:1024)<br />
              org.testng.remote.RemoteTestNG.run(RemoteTestNG.java:112)<br />
              org.testng.remote.RemoteTestNG.initAndRun(RemoteTestNG.java:205)<br />
              org.testng.remote.RemoteTestNG.main(RemoteTestNG.java:176)<br />
                </div>
      </td>
</tr>
          <tr>
        <td colspan="3" class="group">com.fp.core.cheapoair.One_Way</td>
      </tr>
            
<tr>
  <td class="method">
                  One_Way_Script
      </td>
  <td class="duration">
    229.336s
  </td>
  <td class="result">
        
    
        

        <a href="javascript:toggleElement('exception-6', 'block')" title="Click to expand/collapse"><b>org.openqa.selenium.NoSuchElementException: An element could not be located on the page using the given search parameters. (WARNING: The server did not provide any stacktrace information)<br/>
Command duration or timeout: 60.26 seconds<br/>
For documentation on this error, please visit: http://seleniumhq.org/exceptions/no_such_element.html<br/>
Build info: version: &apos;2.42.2&apos;, revision: &apos;6a6995d&apos;, time: &apos;2014-06-03 17:42:30&apos;<br/>
System info: host: &apos;INAGFFPTEC230W&apos;, ip: &apos;172.20.17.186&apos;, os.name: &apos;Windows 7&apos;, os.arch: &apos;x86&apos;, os.version: &apos;6.1&apos;, java.version: &apos;1.7.0_25&apos;<br/>
Session ID: 99635ae8-c16d-4b01-a871-8a8bc838dbf6<br/>
Driver info: io.appium.java_client.AppiumDriver<br/>
Capabilities [{platform=LINUX, app=D:\Appium_Automation\application-cheapoair-3.1.10.apk, javascriptEnabled=true, appActivity=com.fp.cheapoair.CheapOair, browserName=, networkConnectionEnabled=true, apppackage=com.fp.cheapoair, desired={platformVersion=5.0.1, app=D:\Appium_Automation\application-cheapoair-3.1.10.apk, deviceName=samsung-sm_n910g-641dd802, platformName=Android, browserName=, appActivity=com.fp.cheapoair.CheapOair, apppackage=com.fp.cheapoair}, locationContextEnabled=false, platformVersion=6.0.1, databaseEnabled=false, platformName=Android, deviceName=641dd802, webStorageEnabled=false, warnings={}, takesScreenshot=true}]</b></a><br />
    <div class="stackTrace" id="exception-6">
              sun.reflect.NativeConstructorAccessorImpl.newInstance0(Native Method)<br />
              sun.reflect.NativeConstructorAccessorImpl.newInstance(Unknown Source)<br />
              sun.reflect.DelegatingConstructorAccessorImpl.newInstance(Unknown Source)<br />
              java.lang.reflect.Constructor.newInstance(Unknown Source)<br />
              org.openqa.selenium.remote.ErrorHandler.createThrowable(ErrorHandler.java:204)<br />
              org.openqa.selenium.remote.ErrorHandler.throwIfResponseFailed(ErrorHandler.java:156)<br />
              org.openqa.selenium.remote.RemoteWebDriver.execute(RemoteWebDriver.java:599)<br />
              io.appium.java_client.AppiumDriver.execute(AppiumDriver.java:88)<br />
              org.openqa.selenium.remote.RemoteWebDriver.findElement(RemoteWebDriver.java:352)<br />
              org.openqa.selenium.remote.RemoteWebDriver.findElementById(RemoteWebDriver.java:393)<br />
              org.openqa.selenium.By$ById.findElement(By.java:214)<br />
              org.openqa.selenium.remote.RemoteWebDriver.findElement(RemoteWebDriver.java:344)<br />
              com.fp.core.cheapoair.Function_File.Payment_Page(Function_File.java:535)<br />
              com.fp.core.cheapoair.One_Way.One_Way_Script(One_Way.java:145)<br />
              sun.reflect.NativeMethodAccessorImpl.invoke0(Native Method)<br />
              sun.reflect.NativeMethodAccessorImpl.invoke(Unknown Source)<br />
              sun.reflect.DelegatingMethodAccessorImpl.invoke(Unknown Source)<br />
              java.lang.reflect.Method.invoke(Unknown Source)<br />
              org.testng.internal.MethodInvocationHelper.invokeMethod(MethodInvocationHelper.java:85)<br />
              org.testng.internal.Invoker.invokeMethod(Invoker.java:639)<br />
              org.testng.internal.Invoker.invokeTestMethod(Invoker.java:816)<br />
              org.testng.internal.Invoker.invokeTestMethods(Invoker.java:1124)<br />
              org.testng.internal.TestMethodWorker.invokeTestMethods(TestMethodWorker.java:125)<br />
              org.testng.internal.TestMethodWorker.run(TestMethodWorker.java:108)<br />
              org.testng.TestRunner.privateRun(TestRunner.java:774)<br />
              org.testng.TestRunner.run(TestRunner.java:624)<br />
              org.testng.SuiteRunner.runTest(SuiteRunner.java:359)<br />
              org.testng.SuiteRunner.runSequentially(SuiteRunner.java:354)<br />
              org.testng.SuiteRunner.privateRun(SuiteRunner.java:312)<br />
              org.testng.SuiteRunner.run(SuiteRunner.java:261)<br />
              org.testng.SuiteRunnerWorker.runSuite(SuiteRunnerWorker.java:52)<br />
              org.testng.SuiteRunnerWorker.run(SuiteRunnerWorker.java:86)<br />
              org.testng.TestNG.runSuitesSequentially(TestNG.java:1191)<br />
              org.testng.TestNG.runSuitesLocally(TestNG.java:1116)<br />
              org.testng.TestNG.run(TestNG.java:1024)<br />
              org.testng.remote.RemoteTestNG.run(RemoteTestNG.java:112)<br />
              org.testng.remote.RemoteTestNG.initAndRun(RemoteTestNG.java:205)<br />
              org.testng.remote.RemoteTestNG.main(RemoteTestNG.java:176)<br />
                </div>
      </td>
</tr>
          <tr>
        <td colspan="3" class="group">com.fp.core.cheapoair.Promo_Code_Verification</td>
      </tr>
            
<tr>
  <td class="method">
                  Promo_Code_Verify
      </td>
  <td class="duration">
    61.624s
  </td>
  <td class="result">
        
    
        

        <a href="javascript:toggleElement('exception-7', 'block')" title="Click to expand/collapse"><b>org.openqa.selenium.NoSuchElementException: An element could not be located on the page using the given search parameters. (WARNING: The server did not provide any stacktrace information)<br/>
Command duration or timeout: 61.12 seconds<br/>
For documentation on this error, please visit: http://seleniumhq.org/exceptions/no_such_element.html<br/>
Build info: version: &apos;2.42.2&apos;, revision: &apos;6a6995d&apos;, time: &apos;2014-06-03 17:42:30&apos;<br/>
System info: host: &apos;INAGFFPTEC230W&apos;, ip: &apos;172.20.17.186&apos;, os.name: &apos;Windows 7&apos;, os.arch: &apos;x86&apos;, os.version: &apos;6.1&apos;, java.version: &apos;1.7.0_25&apos;<br/>
Session ID: 99635ae8-c16d-4b01-a871-8a8bc838dbf6<br/>
Driver info: io.appium.java_client.AppiumDriver<br/>
Capabilities [{platform=LINUX, app=D:\Appium_Automation\application-cheapoair-3.1.10.apk, javascriptEnabled=true, appActivity=com.fp.cheapoair.CheapOair, browserName=, networkConnectionEnabled=true, apppackage=com.fp.cheapoair, desired={platformVersion=5.0.1, app=D:\Appium_Automation\application-cheapoair-3.1.10.apk, deviceName=samsung-sm_n910g-641dd802, platformName=Android, browserName=, appActivity=com.fp.cheapoair.CheapOair, apppackage=com.fp.cheapoair}, locationContextEnabled=false, platformVersion=6.0.1, databaseEnabled=false, platformName=Android, deviceName=641dd802, webStorageEnabled=false, warnings={}, takesScreenshot=true}]</b></a><br />
    <div class="stackTrace" id="exception-7">
              sun.reflect.NativeConstructorAccessorImpl.newInstance0(Native Method)<br />
              sun.reflect.NativeConstructorAccessorImpl.newInstance(Unknown Source)<br />
              sun.reflect.DelegatingConstructorAccessorImpl.newInstance(Unknown Source)<br />
              java.lang.reflect.Constructor.newInstance(Unknown Source)<br />
              org.openqa.selenium.remote.ErrorHandler.createThrowable(ErrorHandler.java:204)<br />
              org.openqa.selenium.remote.ErrorHandler.throwIfResponseFailed(ErrorHandler.java:156)<br />
              org.openqa.selenium.remote.RemoteWebDriver.execute(RemoteWebDriver.java:599)<br />
              io.appium.java_client.AppiumDriver.execute(AppiumDriver.java:88)<br />
              org.openqa.selenium.remote.RemoteWebDriver.findElement(RemoteWebDriver.java:352)<br />
              org.openqa.selenium.remote.RemoteWebDriver.findElementByName(RemoteWebDriver.java:425)<br />
              org.openqa.selenium.By$ByName.findElement(By.java:299)<br />
              org.openqa.selenium.remote.RemoteWebDriver.findElement(RemoteWebDriver.java:344)<br />
              com.fp.core.cheapoair.Function_File.Home_Page_Flight(Function_File.java:199)<br />
              com.fp.core.cheapoair.Promo_Code_Verification.Promo_Code_Verify(Promo_Code_Verification.java:89)<br />
              sun.reflect.NativeMethodAccessorImpl.invoke0(Native Method)<br />
              sun.reflect.NativeMethodAccessorImpl.invoke(Unknown Source)<br />
              sun.reflect.DelegatingMethodAccessorImpl.invoke(Unknown Source)<br />
              java.lang.reflect.Method.invoke(Unknown Source)<br />
              org.testng.internal.MethodInvocationHelper.invokeMethod(MethodInvocationHelper.java:85)<br />
              org.testng.internal.Invoker.invokeMethod(Invoker.java:639)<br />
              org.testng.internal.Invoker.invokeTestMethod(Invoker.java:816)<br />
              org.testng.internal.Invoker.invokeTestMethods(Invoker.java:1124)<br />
              org.testng.internal.TestMethodWorker.invokeTestMethods(TestMethodWorker.java:125)<br />
              org.testng.internal.TestMethodWorker.run(TestMethodWorker.java:108)<br />
              org.testng.TestRunner.privateRun(TestRunner.java:774)<br />
              org.testng.TestRunner.run(TestRunner.java:624)<br />
              org.testng.SuiteRunner.runTest(SuiteRunner.java:359)<br />
              org.testng.SuiteRunner.runSequentially(SuiteRunner.java:354)<br />
              org.testng.SuiteRunner.privateRun(SuiteRunner.java:312)<br />
              org.testng.SuiteRunner.run(SuiteRunner.java:261)<br />
              org.testng.SuiteRunnerWorker.runSuite(SuiteRunnerWorker.java:52)<br />
              org.testng.SuiteRunnerWorker.run(SuiteRunnerWorker.java:86)<br />
              org.testng.TestNG.runSuitesSequentially(TestNG.java:1191)<br />
              org.testng.TestNG.runSuitesLocally(TestNG.java:1116)<br />
              org.testng.TestNG.run(TestNG.java:1024)<br />
              org.testng.remote.RemoteTestNG.run(RemoteTestNG.java:112)<br />
              org.testng.remote.RemoteTestNG.initAndRun(RemoteTestNG.java:205)<br />
              org.testng.remote.RemoteTestNG.main(RemoteTestNG.java:176)<br />
                </div>
      </td>
</tr>
          <tr>
        <td colspan="3" class="group">com.fp.core.cheapoair.Sign_In</td>
      </tr>
            
<tr>
  <td class="method">
                  Login
      </td>
  <td class="duration">
    124.178s
  </td>
  <td class="result">
        
    
        

        <a href="javascript:toggleElement('exception-8', 'block')" title="Click to expand/collapse"><b>org.openqa.selenium.NoSuchElementException: An element could not be located on the page using the given search parameters. (WARNING: The server did not provide any stacktrace information)<br/>
Command duration or timeout: 60.52 seconds<br/>
For documentation on this error, please visit: http://seleniumhq.org/exceptions/no_such_element.html<br/>
Build info: version: &apos;2.42.2&apos;, revision: &apos;6a6995d&apos;, time: &apos;2014-06-03 17:42:30&apos;<br/>
System info: host: &apos;INAGFFPTEC230W&apos;, ip: &apos;172.20.17.186&apos;, os.name: &apos;Windows 7&apos;, os.arch: &apos;x86&apos;, os.version: &apos;6.1&apos;, java.version: &apos;1.7.0_25&apos;<br/>
Session ID: 99635ae8-c16d-4b01-a871-8a8bc838dbf6<br/>
Driver info: io.appium.java_client.AppiumDriver<br/>
Capabilities [{platform=LINUX, app=D:\Appium_Automation\application-cheapoair-3.1.10.apk, javascriptEnabled=true, appActivity=com.fp.cheapoair.CheapOair, browserName=, networkConnectionEnabled=true, apppackage=com.fp.cheapoair, desired={platformVersion=5.0.1, app=D:\Appium_Automation\application-cheapoair-3.1.10.apk, deviceName=samsung-sm_n910g-641dd802, platformName=Android, browserName=, appActivity=com.fp.cheapoair.CheapOair, apppackage=com.fp.cheapoair}, locationContextEnabled=false, platformVersion=6.0.1, databaseEnabled=false, platformName=Android, deviceName=641dd802, webStorageEnabled=false, warnings={}, takesScreenshot=true}]</b></a><br />
    <div class="stackTrace" id="exception-8">
              sun.reflect.NativeConstructorAccessorImpl.newInstance0(Native Method)<br />
              sun.reflect.NativeConstructorAccessorImpl.newInstance(Unknown Source)<br />
              sun.reflect.DelegatingConstructorAccessorImpl.newInstance(Unknown Source)<br />
              java.lang.reflect.Constructor.newInstance(Unknown Source)<br />
              org.openqa.selenium.remote.ErrorHandler.createThrowable(ErrorHandler.java:204)<br />
              org.openqa.selenium.remote.ErrorHandler.throwIfResponseFailed(ErrorHandler.java:156)<br />
              org.openqa.selenium.remote.RemoteWebDriver.execute(RemoteWebDriver.java:599)<br />
              io.appium.java_client.AppiumDriver.execute(AppiumDriver.java:88)<br />
              org.openqa.selenium.remote.RemoteWebDriver.findElement(RemoteWebDriver.java:352)<br />
              org.openqa.selenium.remote.RemoteWebDriver.findElementById(RemoteWebDriver.java:393)<br />
              org.openqa.selenium.By$ById.findElement(By.java:214)<br />
              org.openqa.selenium.remote.RemoteWebDriver.findElement(RemoteWebDriver.java:344)<br />
              com.fp.core.cheapoair.Function_File.Sign_In_Page(Function_File.java:919)<br />
              com.fp.core.cheapoair.Sign_In.Login(Sign_In.java:77)<br />
              sun.reflect.NativeMethodAccessorImpl.invoke0(Native Method)<br />
              sun.reflect.NativeMethodAccessorImpl.invoke(Unknown Source)<br />
              sun.reflect.DelegatingMethodAccessorImpl.invoke(Unknown Source)<br />
              java.lang.reflect.Method.invoke(Unknown Source)<br />
              org.testng.internal.MethodInvocationHelper.invokeMethod(MethodInvocationHelper.java:85)<br />
              org.testng.internal.Invoker.invokeMethod(Invoker.java:639)<br />
              org.testng.internal.Invoker.invokeTestMethod(Invoker.java:816)<br />
              org.testng.internal.Invoker.invokeTestMethods(Invoker.java:1124)<br />
              org.testng.internal.TestMethodWorker.invokeTestMethods(TestMethodWorker.java:125)<br />
              org.testng.internal.TestMethodWorker.run(TestMethodWorker.java:108)<br />
              org.testng.TestRunner.privateRun(TestRunner.java:774)<br />
              org.testng.TestRunner.run(TestRunner.java:624)<br />
              org.testng.SuiteRunner.runTest(SuiteRunner.java:359)<br />
              org.testng.SuiteRunner.runSequentially(SuiteRunner.java:354)<br />
              org.testng.SuiteRunner.privateRun(SuiteRunner.java:312)<br />
              org.testng.SuiteRunner.run(SuiteRunner.java:261)<br />
              org.testng.SuiteRunnerWorker.runSuite(SuiteRunnerWorker.java:52)<br />
              org.testng.SuiteRunnerWorker.run(SuiteRunnerWorker.java:86)<br />
              org.testng.TestNG.runSuitesSequentially(TestNG.java:1191)<br />
              org.testng.TestNG.runSuitesLocally(TestNG.java:1116)<br />
              org.testng.TestNG.run(TestNG.java:1024)<br />
              org.testng.remote.RemoteTestNG.run(RemoteTestNG.java:112)<br />
              org.testng.remote.RemoteTestNG.initAndRun(RemoteTestNG.java:205)<br />
              org.testng.remote.RemoteTestNG.main(RemoteTestNG.java:176)<br />
                </div>
      </td>
</tr>
          <tr>
        <td colspan="3" class="group">com.fp.core.cheapoair.Total_Price_Check</td>
      </tr>
            
<tr>
  <td class="method">
                  Total_Price_Script
      </td>
  <td class="duration">
    60.583s
  </td>
  <td class="result">
        
    
        

        <a href="javascript:toggleElement('exception-9', 'block')" title="Click to expand/collapse"><b>org.openqa.selenium.NoSuchElementException: An element could not be located on the page using the given search parameters. (WARNING: The server did not provide any stacktrace information)<br/>
Command duration or timeout: 60.11 seconds<br/>
For documentation on this error, please visit: http://seleniumhq.org/exceptions/no_such_element.html<br/>
Build info: version: &apos;2.42.2&apos;, revision: &apos;6a6995d&apos;, time: &apos;2014-06-03 17:42:30&apos;<br/>
System info: host: &apos;INAGFFPTEC230W&apos;, ip: &apos;172.20.17.186&apos;, os.name: &apos;Windows 7&apos;, os.arch: &apos;x86&apos;, os.version: &apos;6.1&apos;, java.version: &apos;1.7.0_25&apos;<br/>
Session ID: 99635ae8-c16d-4b01-a871-8a8bc838dbf6<br/>
Driver info: io.appium.java_client.AppiumDriver<br/>
Capabilities [{platform=LINUX, app=D:\Appium_Automation\application-cheapoair-3.1.10.apk, javascriptEnabled=true, appActivity=com.fp.cheapoair.CheapOair, browserName=, networkConnectionEnabled=true, apppackage=com.fp.cheapoair, desired={platformVersion=5.0.1, app=D:\Appium_Automation\application-cheapoair-3.1.10.apk, deviceName=samsung-sm_n910g-641dd802, platformName=Android, browserName=, appActivity=com.fp.cheapoair.CheapOair, apppackage=com.fp.cheapoair}, locationContextEnabled=false, platformVersion=6.0.1, databaseEnabled=false, platformName=Android, deviceName=641dd802, webStorageEnabled=false, warnings={}, takesScreenshot=true}]</b></a><br />
    <div class="stackTrace" id="exception-9">
              sun.reflect.NativeConstructorAccessorImpl.newInstance0(Native Method)<br />
              sun.reflect.NativeConstructorAccessorImpl.newInstance(Unknown Source)<br />
              sun.reflect.DelegatingConstructorAccessorImpl.newInstance(Unknown Source)<br />
              java.lang.reflect.Constructor.newInstance(Unknown Source)<br />
              org.openqa.selenium.remote.ErrorHandler.createThrowable(ErrorHandler.java:204)<br />
              org.openqa.selenium.remote.ErrorHandler.throwIfResponseFailed(ErrorHandler.java:156)<br />
              org.openqa.selenium.remote.RemoteWebDriver.execute(RemoteWebDriver.java:599)<br />
              io.appium.java_client.AppiumDriver.execute(AppiumDriver.java:88)<br />
              org.openqa.selenium.remote.RemoteWebDriver.findElement(RemoteWebDriver.java:352)<br />
              org.openqa.selenium.remote.RemoteWebDriver.findElementByName(RemoteWebDriver.java:425)<br />
              org.openqa.selenium.By$ByName.findElement(By.java:299)<br />
              org.openqa.selenium.remote.RemoteWebDriver.findElement(RemoteWebDriver.java:344)<br />
              com.fp.core.cheapoair.Function_File.Home_Page_Flight(Function_File.java:199)<br />
              com.fp.core.cheapoair.Total_Price_Check.Total_Price_Script(Total_Price_Check.java:77)<br />
              sun.reflect.NativeMethodAccessorImpl.invoke0(Native Method)<br />
              sun.reflect.NativeMethodAccessorImpl.invoke(Unknown Source)<br />
              sun.reflect.DelegatingMethodAccessorImpl.invoke(Unknown Source)<br />
              java.lang.reflect.Method.invoke(Unknown Source)<br />
              org.testng.internal.MethodInvocationHelper.invokeMethod(MethodInvocationHelper.java:85)<br />
              org.testng.internal.Invoker.invokeMethod(Invoker.java:639)<br />
              org.testng.internal.Invoker.invokeTestMethod(Invoker.java:816)<br />
              org.testng.internal.Invoker.invokeTestMethods(Invoker.java:1124)<br />
              org.testng.internal.TestMethodWorker.invokeTestMethods(TestMethodWorker.java:125)<br />
              org.testng.internal.TestMethodWorker.run(TestMethodWorker.java:108)<br />
              org.testng.TestRunner.privateRun(TestRunner.java:774)<br />
              org.testng.TestRunner.run(TestRunner.java:624)<br />
              org.testng.SuiteRunner.runTest(SuiteRunner.java:359)<br />
              org.testng.SuiteRunner.runSequentially(SuiteRunner.java:354)<br />
              org.testng.SuiteRunner.privateRun(SuiteRunner.java:312)<br />
              org.testng.SuiteRunner.run(SuiteRunner.java:261)<br />
              org.testng.SuiteRunnerWorker.runSuite(SuiteRunnerWorker.java:52)<br />
              org.testng.SuiteRunnerWorker.run(SuiteRunnerWorker.java:86)<br />
              org.testng.TestNG.runSuitesSequentially(TestNG.java:1191)<br />
              org.testng.TestNG.runSuitesLocally(TestNG.java:1116)<br />
              org.testng.TestNG.run(TestNG.java:1024)<br />
              org.testng.remote.RemoteTestNG.run(RemoteTestNG.java:112)<br />
              org.testng.remote.RemoteTestNG.initAndRun(RemoteTestNG.java:205)<br />
              org.testng.remote.RemoteTestNG.main(RemoteTestNG.java:176)<br />
                </div>
      </td>
</tr>
      </table>


  <table class="resultsTable">
    <tr><th colspan="3" class="header passed">Passed Tests</th></tr>
          <tr>
        <td colspan="3" class="group">com.fp.core.cheapoair.Round_Trip</td>
      </tr>
            
<tr>
  <td class="method">
                  Round_Trip_Script
      </td>
  <td class="duration">
    416.540s
  </td>
  <td class="result">
        
    
        

      </td>
</tr>
      </table>
  
</body>
</html>
